
	Peak file = shared_peaks.bed
	Genome = mm10
	Organism = mouse
	Peak/BED file conversion summary:
		BED/Header formatted lines: 589
		peakfile formatted lines: 0
		Duplicated Peak IDs: 0

	Peak File Statistics:
		Total Peaks: 589
		Redundant Peak IDs: 0
		Peaks lacking information: 0 (need at least 5 columns per peak)
		Peaks with misformatted coordinates: 0 (should be integer)
		Peaks with misformatted strand: 0 (should be either +/- or 0/1)

	Peak file looks good!

	Reading Positions...
	-----------------------
	Finding Closest TSS...
	Annotating:....................
		Annotation	Number of peaks	Total size (bp)	Log2 Ratio (obs/exp)	LogP enrichment (+values depleted)
		3UTR	2.0	20746162	-1.216	1.853
		miRNA	0.0	31126	-0.010	0.007
		ncRNA	1.0	3439613	0.377	-0.621
		TTS	10.0	27176332	0.717	-2.421
		pseudo	0.0	540203	-0.165	0.121
		Exon	8.0	34540955	0.049	-0.673
		Intron	247.0	947608369	0.219	-6.345
		Intergenic	293.0	1564039797	-0.257	13.634
		Promoter	25.0	30063639	1.893	-17.049
		5UTR	3.0	2354993	2.508	-4.105
		snoRNA	0.0	19	-0.000	0.000
		rRNA	0.0	5631	-0.002	0.001
	NOTE: If this part takes more than 2 minutes, there is a good chance
		your machine ran out of memory: consider hitting ctrl+C and rerunning
		the command with "-noann"
	Annotating:....................
		Annotation	Number of peaks	Total size (bp)	Log2 Ratio (obs/exp)	LogP enrichment (+values depleted)
		3UTR	2.0	20746162	-1.215	1.851
		Other	2.0	7154386	0.321	-0.743
		RC?	0.0	10979	-0.004	0.002
		RNA	0.0	113962	-0.036	0.026
		miRNA	0.0	31126	-0.010	0.007
		ncRNA	1.0	3439613	0.377	-0.622
		TTS	10.0	27176332	0.717	-2.423
		LINE	19.0	521060815	-2.618	74.833
		LINE?	0.0	8168	-0.003	0.002
		srpRNA	3.0	43307	8.274	-15.713
		SINE	27.0	193760064	-0.684	5.506
		RC	0.0	65629	-0.021	0.015
		tRNA	0.0	266147	-0.083	0.060
		DNA?	1.0	142070	4.975	-3.464
		pseudo	0.0	540203	-0.165	0.121
		DNA	2.0	28358286	-1.666	3.050
		Exon	8.0	34540955	0.049	-0.674
		Intron	204.0	601725627	0.599	-23.535
		Intergenic	236.0	784206321	0.427	-16.470
		Promoter	25.0	30063639	1.894	-17.057
		5UTR	3.0	2354993	2.509	-4.106
		snoRNA	0.0	19	-0.000	0.000
		LTR?	1.0	192563	4.536	-3.166
		scRNA	0.0	577291	-0.175	0.129
		CpG-Island	4.0	3107258	2.524	-5.187
		Low_complexity	0.0	18489411	-2.369	4.153
		LTR	41.0	292929648	-0.677	7.764
		Simple_repeat	0.0	55283218	-3.770	12.505
		snRNA	0.0	236859	-0.075	0.053
		Unknown	0.0	1234764	-0.352	0.276
		SINE?	0.0	29758	-0.010	0.007
		Satellite	0.0	3685416	-0.869	0.825
		rRNA	0.0	165655	-0.053	0.037
	Counting Tags in Peaks from each directory...
	Organism: mouse
	Loading Gene Informaiton...
	Outputing Annotation File...
	Done annotating peaks file

