INFO	2022-08-05 18:06:50	MarkDuplicates	

********** NOTE: Picard's command line syntax is changing.
**********
********** For more information, please see:
********** https://github.com/broadinstitute/picard/wiki/Command-Line-Syntax-Transition-For-Users-(Pre-Transition)
**********
********** The command line looks like this in the new syntax:
**********
**********    MarkDuplicates -INPUT HB_Lmo2_aligned_sorted.bam -OUTPUT HB_Lmo2_aligned_sorted_noDups.bam -METRICS_FILE HB_Lmo2_aligned_sorted_noDups.txt -REMOVE_DUPLICATES true -ASSUME_SORTED true
**********


18:06:50.515 INFO  NativeLibraryLoader - Loading libgkl_compression.so from jar:file:/rds/bear-apps/2019b/EL8-cas/software/picard/2.21.1-Java-11/picard.jar!/com/intel/gkl/native/libgkl_compression.so
[Fri Aug 05 18:06:50 BST 2022] MarkDuplicates INPUT=[HB_Lmo2_aligned_sorted.bam] OUTPUT=HB_Lmo2_aligned_sorted_noDups.bam METRICS_FILE=HB_Lmo2_aligned_sorted_noDups.txt REMOVE_DUPLICATES=true ASSUME_SORTED=true    MAX_SEQUENCES_FOR_DISK_READ_ENDS_MAP=50000 MAX_FILE_HANDLES_FOR_READ_ENDS_MAP=8000 SORTING_COLLECTION_SIZE_RATIO=0.25 TAG_DUPLICATE_SET_MEMBERS=false REMOVE_SEQUENCING_DUPLICATES=false TAGGING_POLICY=DontTag CLEAR_DT=true DUPLEX_UMI=false ADD_PG_TAG_TO_READS=true DUPLICATE_SCORING_STRATEGY=SUM_OF_BASE_QUALITIES PROGRAM_RECORD_ID=MarkDuplicates PROGRAM_GROUP_NAME=MarkDuplicates READ_NAME_REGEX=<optimized capture of last three ':' separated fields as numeric values> OPTICAL_DUPLICATE_PIXEL_DISTANCE=100 MAX_OPTICAL_DUPLICATE_SET_SIZE=300000 VERBOSITY=INFO QUIET=false VALIDATION_STRINGENCY=STRICT COMPRESSION_LEVEL=5 MAX_RECORDS_IN_RAM=500000 CREATE_INDEX=false CREATE_MD5_FILE=false GA4GH_CLIENT_SECRETS=client_secrets.json USE_JDK_DEFLATER=false USE_JDK_INFLATER=false
[Fri Aug 05 18:06:50 BST 2022] Executing as varnaic@bear-pg0104u05a.bear.cluster on Linux 4.18.0-348.2.1.el8_5.x86_64 amd64; OpenJDK 64-Bit Server VM 11.0.2+9; Deflater: Intel; Inflater: Intel; Provider GCS is not available; Picard version: 2.21.1-SNAPSHOT
INFO	2022-08-05 18:06:50	MarkDuplicates	Start of doWork freeMemory: 15132592; totalMemory: 20971520; maxMemory: 2147483648
INFO	2022-08-05 18:06:50	MarkDuplicates	Reading input file and constructing read end information.
INFO	2022-08-05 18:06:50	MarkDuplicates	Will retain up to 7780737 data points before spilling to disk.
WARNING	2022-08-05 18:06:50	AbstractOpticalDuplicateFinderCommandLineProgram	Default READ_NAME_REGEX '<optimized capture of last three ':' separated fields as numeric values>' did not match read name 'HWI-EAS202:1087:7:87:18648:3790'.  You may need to specify a READ_NAME_REGEX in order to correctly identify optical duplicates.  Note that this message will not be emitted again even if other read names do not match the regex.
INFO	2022-08-05 18:06:53	MarkDuplicates	Read     1,000,000 records.  Elapsed time: 00:00:02s.  Time for last 1,000,000:    2s.  Last read position: chr11:11,830,855
INFO	2022-08-05 18:06:53	MarkDuplicates	Tracking 0 as yet unmatched pairs. 0 records in RAM.
INFO	2022-08-05 18:06:55	MarkDuplicates	Read     2,000,000 records.  Elapsed time: 00:00:04s.  Time for last 1,000,000:    1s.  Last read position: chr12:22,585,492
INFO	2022-08-05 18:06:55	MarkDuplicates	Tracking 0 as yet unmatched pairs. 0 records in RAM.
INFO	2022-08-05 18:06:56	MarkDuplicates	Read     3,000,000 records.  Elapsed time: 00:00:06s.  Time for last 1,000,000:    1s.  Last read position: chr13:42,916,840
INFO	2022-08-05 18:06:56	MarkDuplicates	Tracking 0 as yet unmatched pairs. 0 records in RAM.
INFO	2022-08-05 18:06:58	MarkDuplicates	Read     4,000,000 records.  Elapsed time: 00:00:07s.  Time for last 1,000,000:    1s.  Last read position: chr14:36,987,629
INFO	2022-08-05 18:06:58	MarkDuplicates	Tracking 0 as yet unmatched pairs. 0 records in RAM.
INFO	2022-08-05 18:07:00	MarkDuplicates	Read     5,000,000 records.  Elapsed time: 00:00:09s.  Time for last 1,000,000:    1s.  Last read position: chr15:56,714,141
INFO	2022-08-05 18:07:00	MarkDuplicates	Tracking 0 as yet unmatched pairs. 0 records in RAM.
INFO	2022-08-05 18:07:01	MarkDuplicates	Read     6,000,000 records.  Elapsed time: 00:00:11s.  Time for last 1,000,000:    1s.  Last read position: chr16:93,147,552
INFO	2022-08-05 18:07:01	MarkDuplicates	Tracking 0 as yet unmatched pairs. 0 records in RAM.
INFO	2022-08-05 18:07:03	MarkDuplicates	Read     7,000,000 records.  Elapsed time: 00:00:13s.  Time for last 1,000,000:    1s.  Last read position: chr18:38,974,798
INFO	2022-08-05 18:07:03	MarkDuplicates	Tracking 0 as yet unmatched pairs. 0 records in RAM.
INFO	2022-08-05 18:07:07	MarkDuplicates	Read     8,000,000 records.  Elapsed time: 00:00:17s.  Time for last 1,000,000:    4s.  Last read position: chr1:30,686,852
INFO	2022-08-05 18:07:07	MarkDuplicates	Tracking 0 as yet unmatched pairs. 0 records in RAM.
INFO	2022-08-05 18:07:09	MarkDuplicates	Read     9,000,000 records.  Elapsed time: 00:00:18s.  Time for last 1,000,000:    1s.  Last read position: chr1:167,722,643
INFO	2022-08-05 18:07:09	MarkDuplicates	Tracking 0 as yet unmatched pairs. 0 records in RAM.
INFO	2022-08-05 18:07:11	MarkDuplicates	Read    10,000,000 records.  Elapsed time: 00:00:20s.  Time for last 1,000,000:    1s.  Last read position: chr2:98,662,315
INFO	2022-08-05 18:07:11	MarkDuplicates	Tracking 0 as yet unmatched pairs. 0 records in RAM.
INFO	2022-08-05 18:07:12	MarkDuplicates	Read    11,000,000 records.  Elapsed time: 00:00:22s.  Time for last 1,000,000:    1s.  Last read position: chr2:161,790,897
INFO	2022-08-05 18:07:12	MarkDuplicates	Tracking 0 as yet unmatched pairs. 0 records in RAM.
INFO	2022-08-05 18:07:14	MarkDuplicates	Read    12,000,000 records.  Elapsed time: 00:00:23s.  Time for last 1,000,000:    1s.  Last read position: chr3:123,366,904
INFO	2022-08-05 18:07:14	MarkDuplicates	Tracking 0 as yet unmatched pairs. 0 records in RAM.
INFO	2022-08-05 18:07:16	MarkDuplicates	Read    13,000,000 records.  Elapsed time: 00:00:25s.  Time for last 1,000,000:    1s.  Last read position: chr4:108,303,706
INFO	2022-08-05 18:07:16	MarkDuplicates	Tracking 0 as yet unmatched pairs. 0 records in RAM.
INFO	2022-08-05 18:07:17	MarkDuplicates	Read    14,000,000 records.  Elapsed time: 00:00:27s.  Time for last 1,000,000:    1s.  Last read position: chr5:91,509,305
INFO	2022-08-05 18:07:17	MarkDuplicates	Tracking 0 as yet unmatched pairs. 0 records in RAM.
INFO	2022-08-05 18:07:19	MarkDuplicates	Read    15,000,000 records.  Elapsed time: 00:00:29s.  Time for last 1,000,000:    1s.  Last read position: chr6:80,384,473
INFO	2022-08-05 18:07:19	MarkDuplicates	Tracking 0 as yet unmatched pairs. 0 records in RAM.
INFO	2022-08-05 18:07:23	MarkDuplicates	Read    16,000,000 records.  Elapsed time: 00:00:32s.  Time for last 1,000,000:    3s.  Last read position: chr7:74,022,612
INFO	2022-08-05 18:07:23	MarkDuplicates	Tracking 0 as yet unmatched pairs. 0 records in RAM.
INFO	2022-08-05 18:07:25	MarkDuplicates	Read    17,000,000 records.  Elapsed time: 00:00:34s.  Time for last 1,000,000:    1s.  Last read position: chr8:46,812,428
INFO	2022-08-05 18:07:25	MarkDuplicates	Tracking 0 as yet unmatched pairs. 0 records in RAM.
INFO	2022-08-05 18:07:26	MarkDuplicates	Read    18,000,000 records.  Elapsed time: 00:00:36s.  Time for last 1,000,000:    1s.  Last read position: chr9:3,013,369
INFO	2022-08-05 18:07:26	MarkDuplicates	Tracking 0 as yet unmatched pairs. 0 records in RAM.
INFO	2022-08-05 18:07:28	MarkDuplicates	Read    19,000,000 records.  Elapsed time: 00:00:37s.  Time for last 1,000,000:    1s.  Last read position: chr9:96,645,767
INFO	2022-08-05 18:07:28	MarkDuplicates	Tracking 0 as yet unmatched pairs. 0 records in RAM.
INFO	2022-08-05 18:07:30	MarkDuplicates	Read    20,000,000 records.  Elapsed time: 00:00:39s.  Time for last 1,000,000:    1s.  Last read position: chrX:65,561,584
INFO	2022-08-05 18:07:30	MarkDuplicates	Tracking 0 as yet unmatched pairs. 0 records in RAM.
INFO	2022-08-05 18:07:31	MarkDuplicates	Read 20725662 records. 0 pairs never matched.
INFO	2022-08-05 18:07:32	MarkDuplicates	After buildSortedReadEndLists freeMemory: 87696384; totalMemory: 125829120; maxMemory: 2147483648
INFO	2022-08-05 18:07:32	MarkDuplicates	Will retain up to 67108864 duplicate indices before spilling to disk.
INFO	2022-08-05 18:07:32	MarkDuplicates	Traversing read pair information and detecting duplicates.
INFO	2022-08-05 18:07:32	MarkDuplicates	Traversing fragment information and detecting duplicates.
INFO	2022-08-05 18:07:36	MarkDuplicates	Sorting list of duplicate records.
INFO	2022-08-05 18:07:36	MarkDuplicates	After generateDuplicateIndexes freeMemory: 364645968; totalMemory: 909115392; maxMemory: 2147483648
INFO	2022-08-05 18:07:36	MarkDuplicates	Marking 7952974 records as duplicates.
INFO	2022-08-05 18:07:36	MarkDuplicates	Found 0 optical duplicate clusters.
INFO	2022-08-05 18:07:36	MarkDuplicates	Reads are assumed to be ordered by: coordinate
INFO	2022-08-05 18:08:48	MarkDuplicates	Written    10,000,000 records.  Elapsed time: 00:01:11s.  Time for last 10,000,000:   71s.  Last read position: chr7:61,346,193
INFO	2022-08-05 18:09:33	MarkDuplicates	Written    20,000,000 records.  Elapsed time: 00:01:56s.  Time for last 10,000,000:   44s.  Last read position: */*
INFO	2022-08-05 18:10:07	MarkDuplicates	Written    30,000,000 records.  Elapsed time: 00:02:31s.  Time for last 10,000,000:   34s.  Last read position: */*
INFO	2022-08-05 18:10:39	MarkDuplicates	Writing complete. Closing input iterator.
INFO	2022-08-05 18:10:39	MarkDuplicates	Duplicate Index cleanup.
INFO	2022-08-05 18:10:39	MarkDuplicates	Getting Memory Stats.
INFO	2022-08-05 18:10:39	MarkDuplicates	Before output close freeMemory: 18500688; totalMemory: 25165824; maxMemory: 2147483648
INFO	2022-08-05 18:10:39	MarkDuplicates	Closed outputs. Getting more Memory Stats.
INFO	2022-08-05 18:10:39	MarkDuplicates	After output close freeMemory: 18500688; totalMemory: 25165824; maxMemory: 2147483648
[Fri Aug 05 18:10:39 BST 2022] picard.sam.markduplicates.MarkDuplicates done. Elapsed time: 3.82 minutes.
Runtime.totalMemory()=25165824
