INFO	2022-08-05 23:16:23	MarkDuplicates	

********** NOTE: Picard's command line syntax is changing.
**********
********** For more information, please see:
********** https://github.com/broadinstitute/picard/wiki/Command-Line-Syntax-Transition-For-Users-(Pre-Transition)
**********
********** The command line looks like this in the new syntax:
**********
**********    MarkDuplicates -INPUT HB_Tal1_aligned_sorted.bam -OUTPUT HB_Tal1_aligned_sorted_noDups.bam -METRICS_FILE HB_Tal1_aligned_sorted_noDups.txt -REMOVE_DUPLICATES true -ASSUME_SORTED true
**********


23:16:23.739 INFO  NativeLibraryLoader - Loading libgkl_compression.so from jar:file:/rds/bear-apps/2019b/EL8-cas/software/picard/2.21.1-Java-11/picard.jar!/com/intel/gkl/native/libgkl_compression.so
[Fri Aug 05 23:16:23 BST 2022] MarkDuplicates INPUT=[HB_Tal1_aligned_sorted.bam] OUTPUT=HB_Tal1_aligned_sorted_noDups.bam METRICS_FILE=HB_Tal1_aligned_sorted_noDups.txt REMOVE_DUPLICATES=true ASSUME_SORTED=true    MAX_SEQUENCES_FOR_DISK_READ_ENDS_MAP=50000 MAX_FILE_HANDLES_FOR_READ_ENDS_MAP=8000 SORTING_COLLECTION_SIZE_RATIO=0.25 TAG_DUPLICATE_SET_MEMBERS=false REMOVE_SEQUENCING_DUPLICATES=false TAGGING_POLICY=DontTag CLEAR_DT=true DUPLEX_UMI=false ADD_PG_TAG_TO_READS=true DUPLICATE_SCORING_STRATEGY=SUM_OF_BASE_QUALITIES PROGRAM_RECORD_ID=MarkDuplicates PROGRAM_GROUP_NAME=MarkDuplicates READ_NAME_REGEX=<optimized capture of last three ':' separated fields as numeric values> OPTICAL_DUPLICATE_PIXEL_DISTANCE=100 MAX_OPTICAL_DUPLICATE_SET_SIZE=300000 VERBOSITY=INFO QUIET=false VALIDATION_STRINGENCY=STRICT COMPRESSION_LEVEL=5 MAX_RECORDS_IN_RAM=500000 CREATE_INDEX=false CREATE_MD5_FILE=false GA4GH_CLIENT_SECRETS=client_secrets.json USE_JDK_DEFLATER=false USE_JDK_INFLATER=false
[Fri Aug 05 23:16:23 BST 2022] Executing as varnaic@bear-pg0104u05a.bear.cluster on Linux 4.18.0-348.2.1.el8_5.x86_64 amd64; OpenJDK 64-Bit Server VM 11.0.2+9; Deflater: Intel; Inflater: Intel; Provider GCS is not available; Picard version: 2.21.1-SNAPSHOT
INFO	2022-08-05 23:16:23	MarkDuplicates	Start of doWork freeMemory: 15127968; totalMemory: 20971520; maxMemory: 2147483648
INFO	2022-08-05 23:16:23	MarkDuplicates	Reading input file and constructing read end information.
INFO	2022-08-05 23:16:23	MarkDuplicates	Will retain up to 7780737 data points before spilling to disk.
WARNING	2022-08-05 23:16:23	AbstractOpticalDuplicateFinderCommandLineProgram	Default READ_NAME_REGEX '<optimized capture of last three ':' separated fields as numeric values>' did not match read name '7001449:69:7:1115:6318:85969#GTGAAAC'.  You may need to specify a READ_NAME_REGEX in order to correctly identify optical duplicates.  Note that this message will not be emitted again even if other read names do not match the regex.
INFO	2022-08-05 23:16:26	MarkDuplicates	Read     1,000,000 records.  Elapsed time: 00:00:02s.  Time for last 1,000,000:    2s.  Last read position: chr10:115,910,739
INFO	2022-08-05 23:16:26	MarkDuplicates	Tracking 0 as yet unmatched pairs. 0 records in RAM.
INFO	2022-08-05 23:16:28	MarkDuplicates	Read     2,000,000 records.  Elapsed time: 00:00:04s.  Time for last 1,000,000:    1s.  Last read position: chr11:95,325,487
INFO	2022-08-05 23:16:28	MarkDuplicates	Tracking 0 as yet unmatched pairs. 0 records in RAM.
INFO	2022-08-05 23:16:29	MarkDuplicates	Read     3,000,000 records.  Elapsed time: 00:00:06s.  Time for last 1,000,000:    1s.  Last read position: chr12:82,930,138
INFO	2022-08-05 23:16:29	MarkDuplicates	Tracking 0 as yet unmatched pairs. 0 records in RAM.
INFO	2022-08-05 23:16:31	MarkDuplicates	Read     4,000,000 records.  Elapsed time: 00:00:07s.  Time for last 1,000,000:    1s.  Last read position: chr13:74,804,172
INFO	2022-08-05 23:16:31	MarkDuplicates	Tracking 0 as yet unmatched pairs. 0 records in RAM.
INFO	2022-08-05 23:16:33	MarkDuplicates	Read     5,000,000 records.  Elapsed time: 00:00:09s.  Time for last 1,000,000:    1s.  Last read position: chr14:48,319,698
INFO	2022-08-05 23:16:33	MarkDuplicates	Tracking 0 as yet unmatched pairs. 0 records in RAM.
INFO	2022-08-05 23:16:34	MarkDuplicates	Read     6,000,000 records.  Elapsed time: 00:00:11s.  Time for last 1,000,000:    1s.  Last read position: chr15:43,568,200
INFO	2022-08-05 23:16:34	MarkDuplicates	Tracking 0 as yet unmatched pairs. 0 records in RAM.
INFO	2022-08-05 23:16:36	MarkDuplicates	Read     7,000,000 records.  Elapsed time: 00:00:12s.  Time for last 1,000,000:    1s.  Last read position: chr16:50,414,597
INFO	2022-08-05 23:16:36	MarkDuplicates	Tracking 0 as yet unmatched pairs. 0 records in RAM.
INFO	2022-08-05 23:16:40	MarkDuplicates	Read     8,000,000 records.  Elapsed time: 00:00:16s.  Time for last 1,000,000:    3s.  Last read position: chr17:65,351,725
INFO	2022-08-05 23:16:40	MarkDuplicates	Tracking 0 as yet unmatched pairs. 0 records in RAM.
INFO	2022-08-05 23:16:42	MarkDuplicates	Read     9,000,000 records.  Elapsed time: 00:00:18s.  Time for last 1,000,000:    1s.  Last read position: chr18:85,923,610
INFO	2022-08-05 23:16:42	MarkDuplicates	Tracking 0 as yet unmatched pairs. 0 records in RAM.
INFO	2022-08-05 23:16:43	MarkDuplicates	Read    10,000,000 records.  Elapsed time: 00:00:19s.  Time for last 1,000,000:    1s.  Last read position: chr1:52,430,255
INFO	2022-08-05 23:16:43	MarkDuplicates	Tracking 0 as yet unmatched pairs. 0 records in RAM.
INFO	2022-08-05 23:16:45	MarkDuplicates	Read    11,000,000 records.  Elapsed time: 00:00:21s.  Time for last 1,000,000:    1s.  Last read position: chr1:165,715,157
INFO	2022-08-05 23:16:45	MarkDuplicates	Tracking 0 as yet unmatched pairs. 0 records in RAM.
INFO	2022-08-05 23:16:47	MarkDuplicates	Read    12,000,000 records.  Elapsed time: 00:00:23s.  Time for last 1,000,000:    1s.  Last read position: chr2:80,192,241
INFO	2022-08-05 23:16:47	MarkDuplicates	Tracking 0 as yet unmatched pairs. 0 records in RAM.
INFO	2022-08-05 23:16:48	MarkDuplicates	Read    13,000,000 records.  Elapsed time: 00:00:24s.  Time for last 1,000,000:    1s.  Last read position: chr2:124,953,260
INFO	2022-08-05 23:16:48	MarkDuplicates	Tracking 0 as yet unmatched pairs. 0 records in RAM.
INFO	2022-08-05 23:16:50	MarkDuplicates	Read    14,000,000 records.  Elapsed time: 00:00:26s.  Time for last 1,000,000:    1s.  Last read position: chr3:58,819,354
INFO	2022-08-05 23:16:50	MarkDuplicates	Tracking 0 as yet unmatched pairs. 0 records in RAM.
INFO	2022-08-05 23:16:52	MarkDuplicates	Read    15,000,000 records.  Elapsed time: 00:00:28s.  Time for last 1,000,000:    1s.  Last read position: chr4:15,481,822
INFO	2022-08-05 23:16:52	MarkDuplicates	Tracking 0 as yet unmatched pairs. 0 records in RAM.
INFO	2022-08-05 23:16:55	MarkDuplicates	Read    16,000,000 records.  Elapsed time: 00:00:31s.  Time for last 1,000,000:    3s.  Last read position: chr4:131,886,514
INFO	2022-08-05 23:16:55	MarkDuplicates	Tracking 0 as yet unmatched pairs. 0 records in RAM.
INFO	2022-08-05 23:16:57	MarkDuplicates	Read    17,000,000 records.  Elapsed time: 00:00:33s.  Time for last 1,000,000:    1s.  Last read position: chr5:88,435,931
INFO	2022-08-05 23:16:57	MarkDuplicates	Tracking 0 as yet unmatched pairs. 0 records in RAM.
INFO	2022-08-05 23:16:59	MarkDuplicates	Read    18,000,000 records.  Elapsed time: 00:00:35s.  Time for last 1,000,000:    1s.  Last read position: chr6:47,621,190
INFO	2022-08-05 23:16:59	MarkDuplicates	Tracking 0 as yet unmatched pairs. 0 records in RAM.
INFO	2022-08-05 23:17:00	MarkDuplicates	Read    19,000,000 records.  Elapsed time: 00:00:36s.  Time for last 1,000,000:    1s.  Last read position: chr7:10,020,639
INFO	2022-08-05 23:17:00	MarkDuplicates	Tracking 0 as yet unmatched pairs. 0 records in RAM.
INFO	2022-08-05 23:17:02	MarkDuplicates	Read    20,000,000 records.  Elapsed time: 00:00:38s.  Time for last 1,000,000:    1s.  Last read position: chr7:126,755,306
INFO	2022-08-05 23:17:02	MarkDuplicates	Tracking 0 as yet unmatched pairs. 0 records in RAM.
INFO	2022-08-05 23:17:04	MarkDuplicates	Read    21,000,000 records.  Elapsed time: 00:00:40s.  Time for last 1,000,000:    1s.  Last read position: chr8:68,899,513
INFO	2022-08-05 23:17:04	MarkDuplicates	Tracking 0 as yet unmatched pairs. 0 records in RAM.
INFO	2022-08-05 23:17:05	MarkDuplicates	Read    22,000,000 records.  Elapsed time: 00:00:41s.  Time for last 1,000,000:    1s.  Last read position: chr9:3,018,622
INFO	2022-08-05 23:17:05	MarkDuplicates	Tracking 0 as yet unmatched pairs. 0 records in RAM.
INFO	2022-08-05 23:17:07	MarkDuplicates	Read    23,000,000 records.  Elapsed time: 00:00:43s.  Time for last 1,000,000:    1s.  Last read position: chr9:83,053,389
INFO	2022-08-05 23:17:07	MarkDuplicates	Tracking 0 as yet unmatched pairs. 0 records in RAM.
INFO	2022-08-05 23:17:11	MarkDuplicates	Read    24,000,000 records.  Elapsed time: 00:00:48s.  Time for last 1,000,000:    4s.  Last read position: chrX:16,732,729
INFO	2022-08-05 23:17:11	MarkDuplicates	Tracking 0 as yet unmatched pairs. 0 records in RAM.
INFO	2022-08-05 23:17:13	MarkDuplicates	Read    25,000,000 records.  Elapsed time: 00:00:49s.  Time for last 1,000,000:    1s.  Last read position: chrY:59,749,728
INFO	2022-08-05 23:17:13	MarkDuplicates	Tracking 0 as yet unmatched pairs. 0 records in RAM.
INFO	2022-08-05 23:17:13	MarkDuplicates	Read 25116944 records. 0 pairs never matched.
INFO	2022-08-05 23:17:14	MarkDuplicates	After buildSortedReadEndLists freeMemory: 87689480; totalMemory: 125829120; maxMemory: 2147483648
INFO	2022-08-05 23:17:14	MarkDuplicates	Will retain up to 67108864 duplicate indices before spilling to disk.
INFO	2022-08-05 23:17:14	MarkDuplicates	Traversing read pair information and detecting duplicates.
INFO	2022-08-05 23:17:14	MarkDuplicates	Traversing fragment information and detecting duplicates.
INFO	2022-08-05 23:17:19	MarkDuplicates	Sorting list of duplicate records.
INFO	2022-08-05 23:17:20	MarkDuplicates	After generateDuplicateIndexes freeMemory: 362541968; totalMemory: 907018240; maxMemory: 2147483648
INFO	2022-08-05 23:17:20	MarkDuplicates	Marking 16447948 records as duplicates.
INFO	2022-08-05 23:17:20	MarkDuplicates	Found 0 optical duplicate clusters.
INFO	2022-08-05 23:17:20	MarkDuplicates	Reads are assumed to be ordered by: coordinate
INFO	2022-08-05 23:18:49	MarkDuplicates	Written    10,000,000 records.  Elapsed time: 00:01:29s.  Time for last 10,000,000:   89s.  Last read position: */*
INFO	2022-08-05 23:19:30	MarkDuplicates	Written    20,000,000 records.  Elapsed time: 00:02:10s.  Time for last 10,000,000:   40s.  Last read position: */*
INFO	2022-08-05 23:20:11	MarkDuplicates	Written    30,000,000 records.  Elapsed time: 00:02:51s.  Time for last 10,000,000:   41s.  Last read position: */*
INFO	2022-08-05 23:20:48	MarkDuplicates	Writing complete. Closing input iterator.
INFO	2022-08-05 23:20:48	MarkDuplicates	Duplicate Index cleanup.
INFO	2022-08-05 23:20:48	MarkDuplicates	Getting Memory Stats.
INFO	2022-08-05 23:20:48	MarkDuplicates	Before output close freeMemory: 18495440; totalMemory: 25165824; maxMemory: 2147483648
INFO	2022-08-05 23:20:48	MarkDuplicates	Closed outputs. Getting more Memory Stats.
INFO	2022-08-05 23:20:48	MarkDuplicates	After output close freeMemory: 18495440; totalMemory: 25165824; maxMemory: 2147483648
[Fri Aug 05 23:20:48 BST 2022] picard.sam.markduplicates.MarkDuplicates done. Elapsed time: 4.41 minutes.
Runtime.totalMemory()=25165824
